make all --print-data-base --no-builtin-variables --no-builtin-rules --question
# GNU Make 3.81
 
# Copyright (C) 2006  Free Software Foundation, Inc.
# This is free software; see the source for copying conditions.
# There is NO warranty; not even for MERCHANTABILITY or FITNESS FOR A
# PARTICULAR PURPOSE.

# This program built for i386-apple-darwin11.3.0
 
make: *** No rule to make target `all'.  Stop.
 

# Make data base, printed on Tue Sep  7 08:41:15 2021

# Variables

# automatic
<D = $(patsubst %/,%,$(dir $<))
# automatic
?F = $(notdir $?)
# environment
VSCODE_LOG_NATIVE = false
# automatic
?D = $(patsubst %/,%,$(dir $?))
# automatic
@D = $(patsubst %/,%,$(dir $@))
# automatic
@F = $(notdir $@)
# makefile
CURDIR := /Users/redpeacock78/git/bbsmenu
# makefile
SHELL = /bin/sh
# environment
VSCODE_NLS_CONFIG = {"locale":"ja","availableLanguages":{"*":"ja"},"_languagePackId":"a88c80bd84ba28ea5414194de67b89dd.ja","_translationsConfigFile":"/Users/redpeacock78/Library/Application Support/Code/clp/a88c80bd84ba28ea5414194de67b89dd.ja/tcf.json","_cacheRoot":"/Users/redpeacock78/Library/Application Support/Code/clp/a88c80bd84ba28ea5414194de67b89dd.ja","_resolvedLanguagePackCoreLocation":"/Users/redpeacock78/Library/Application Support/Code/clp/a88c80bd84ba28ea5414194de67b89dd.ja/3866c3553be8b268c8a7f8c0482c0c0177aa8bfa","_corruptedFile":"/Users/redpeacock78/Library/Application Support/Code/clp/a88c80bd84ba28ea5414194de67b89dd.ja/corrupted.info","_languagePackSupport":true}
# environment
_ = /usr/bin/make
# environment
LESSOPEN = | /usr/local/bin/src-hilite-lesspipe.sh %s
# makefile
MAKEFILE_LIST := 
# environment
 
VSCODE_VERBOSE_LOGGING = true
# environment
__CFBundleIdentifier = com.microsoft.VSCode
# environment
VSCODE_IPC_HOOK_EXTHOST = /var/folders/1z/n_80wg713d70gvck323d3v1m0000gn/T/vscode-ipc-236d08b4-9351-4e3b-b7fb-6657a4a68e17.sock
# environment
VSCODE_CWD = /
# environment
PATH = /usr/sbin:/usr/local/opt/mysql-client/bin:/Users/redpeacock78/.npm-global/bin:/Users/redpeacock78/.rbenv/shims:/usr/local/opt/icu4c/sbin:/usr/local/opt/icu4c/bin:/usr/local/opt/python/libexec/bin:/usr/local/opt/openssl/bin:/usr/local/opt/sqlite/bin:/Users/redpeacock78/.egison/bin:/Users/redpeacock78/Library/Android/sdk/platform-tools:/Users/redpeacock78/.cargo/bin:/usr/local/opt/coreutils/libexec/gnubin:/usr/local/sbin:/usr/local/bin:/Users/redpeacock78/bin:/usr/games/:/bin:/Users/redpeacock78/go/bin:/usr/local/go/bin:/Users/redpeacock78/node_modules/.bin:/Users/redpeacock78/.yarn/bin:/Users/redpeacock78:/usr/bin
# environment
GOPATH = /Users/redpeacock78/go
# environment
VSCODE_LOG_STACK = false
# environment
ELECTRON_RUN_AS_NODE = 1
# default
.FEATURES := target-specific order-only second-expansion else-if archives jobserver check-symlink
# environment
SSH_AUTH_SOCK = /private/tmp/com.apple.launchd.LN5GAefaee/Listeners
# automatic
%F = $(notdir $%)
# environment
DISPLAY = /private/tmp/com.apple.launchd.OMOZeN30q3/org.xquartz:0
# environment
VSCODE_PIPE_LOGGING = true
# environment
PWD = /Users/redpeacock78/git/bbsmenu
# environment
ORIGINAL_XDG_CURRENT_DESKTOP = undefined
# environment
MANPATH = /usr/local/opt/coreutils/libexec/gnuman:
# environment
VSCODE_AMD_ENTRYPOINT = vs/workbench/services/extensions/node/extensionHostProcess
# environment
HOME = /Users/redpeacock78
# default
MAKEFILEPATH = $(shell /usr/bin/xcode-select -print-path 2>/dev/null || echo /Developer)/Makefiles
# environment
VSCODE_CODE_CACHE_PATH = /Users/redpeacock78/Library/Application Support/Code/CachedData/3866c3553be8b268c8a7f8c0482c0c0177aa8bfa
# environment
LOGNAME = redpeacock78
# environment
APPLICATION_INSIGHTS_NO_DIAGNOSTIC_CHANNEL = true
# environment
VSCODE_HANDLES_UNCAUGHT_ERRORS = true
# automatic
^D = $(patsubst %/,%,$(dir $^))
# environment
XPC_FLAGS = 0x0
# default
MAKE = $(MAKE_COMMAND)
# default
MAKECMDGOALS := all
# environment
SHLVL = 2
# default
MAKE_VERSION := 3.81
# environment
USER = redpeacock78
# makefile
.DEFAULT_GOAL := 
# environment
LESS = -R
# automatic
%D = $(patsubst %/,%,$(dir $%))
# default
MAKE_COMMAND := /Library/Developer/CommandLineTools/usr/bin/make
# default
.VARIABLES := 
# environment
TMPDIR = /var/folders/1z/n_80wg713d70gvck323d3v1m0000gn/T/
# automatic
*F = $(notdir $*)
# environment
NODE_PATH = /Users/redpeacock78/.npm-global/lib/node_modules
# environment
VSCODE_IPC_HOOK = /Users/redpeacock78/Library/Application Support/Code/1.59.1-main.sock
# makefile
MAKEFLAGS = Rrqp
# environment
MFLAGS = -Rrqp
# automatic
*D = $(patsubst %/,%,$(dir $*))
# environment
XPC_SERVICE_NAME = 0
# automatic
+D = $(patsubst %/,%,$(dir $+))
# automatic
+F = $(notdir $+)
# environment
__CF_USER_TEXT_ENCODING = 0x1F5:0x1:0xE
# environment
COMMAND_MODE = unix2003
# default
MAKEFILES := 
# environment
RBENV_SHELL = zsh
# environment
VSCODE_BROWSER_CODE_LOADING = bypassHeatCheck
# automatic
<F = $(notdir $<)
# environment
LC_ALL = C
# automatic
^F = $(notdir $^)
# default
SUFFIXES := 
# default
.INCLUDE_DIRS = /usr/local/include
# environment
MAKELEVEL := 0
# environment
LANG = C
# environment
VSCODE_PID = 11565
# variable set hash-table stats:
# Load=70/1024=7%, Rehash=0, Collisions=3/91=3%

# Pattern-specific Variable Values

# No pattern-specific variable values.

# Directories

# . (device 16777221, inode 9578697321): 4 files, no impossibilities.

# 4 files, no impossibilities in 1 directories.

# Implicit Rules

# No implicit rules.

# Files

# Not a target:
all:
#  Command-line target.
#  Implicit rule search has been done.
#  File does not exist.
#  File has not been updated.
# variable set hash-table stats:
# Load=0/32=0%, Rehash=0, Collisions=0/0=0%
 

# Not a target:
.SUFFIXES:
#  Implicit rule search has not been done.
#  Modification time never checked.
#  File has not been updated.

# Not a target:
Makefile:
#  A default, MAKEFILES, or -include/sinclude makefile.
#  Implicit rule search has been done.
#  File does not exist.
#  File has been updated.
#  Failed to be updated.
# variable set hash-table stats:
# Load=0/32=0%, Rehash=0, Collisions=0/0=0%

# Not a target:
makefile:
#  A default, MAKEFILES, or -include/sinclude makefile.
#  Implicit rule search has been done.
#  File does not exist.
#  File has been updated.
#  Failed to be updated.
# variable set hash-table stats:
# Load=0/32=0%, Rehash=0, Collisions=0/0=0%

# Not a target:
.DEFAULT:
#  Implicit rule search has not been done.
#  Modification time never checked.
#  File has not been updated.

# Not a target:
GNUmakefile:
#  A default, MAKEFILES, or -include/sinclude makefile.
#  Implicit rule search has been done.
#  File does not exist.
#  File has been updated.
#  Failed to be updated.
# variable set hash-table stats:
# Load=0/32=0%, Rehash=0, Collisions=0/0=0%

# files hash-table stats:
# Load=6/1024=1%, Rehash=0, Collisions=0/17=0%
# VPATH Search Paths

# No `vpath' search paths.

# No general (`VPATH' variable) search path.

# # of strings in strcache: 0
# # of strcache buffers: 0
# strcache size: total = 0 / max = 0 / min = 4096 / avg = 0
# strcache free: total = 0 / max = 0 / min = 4096 / avg = 0

# Finished Make data base on Tue Sep  7 08:41:15 2021

 
